{
  "RSpec": {
    "coverage": {
      "/Users/frederickchapman/Desktop/brau_meister/app/models/user.rb": [
        1,
        null,
        null,
        1,
        null,
        1,
        null
      ],
      "/Users/frederickchapman/Desktop/brau_meister/app/helpers/categories_helper.rb": [
        1,
        null
      ],
      "/Users/frederickchapman/Desktop/brau_meister/app/helpers/grains_helper.rb": [
        1,
        null
      ],
      "/Users/frederickchapman/Desktop/brau_meister/app/helpers/hops_helper.rb": [
        1,
        null
      ],
      "/Users/frederickchapman/Desktop/brau_meister/app/helpers/recipes_helper.rb": [
        1,
        null
      ],
      "/Users/frederickchapman/Desktop/brau_meister/app/helpers/yeasts_helper.rb": [
        1,
        null
      ],
      "/Users/frederickchapman/Desktop/brau_meister/app/models/list.rb": [
        1,
        1,
        1,
        1,
        1,
        null,
        1,
        7,
        null,
        null,
        1,
        8,
        null,
        null,
        1,
        4,
        null,
        null,
        1,
        3,
        null,
        null,
        1,
        2,
        null,
        null
      ],
      "/Users/frederickchapman/Desktop/brau_meister/app/models/recipe.rb": [
        1,
        1,
        1,
        null,
        1,
        1,
        1,
        null,
        1,
        null
      ],
      "/Users/frederickchapman/Desktop/brau_meister/app/controllers/application_controller.rb": [
        1,
        null,
        null,
        1,
        null
      ],
      "/Users/frederickchapman/Desktop/brau_meister/app/controllers/homes_controller.rb": [
        1,
        null,
        null
      ],
      "/Users/frederickchapman/Desktop/brau_meister/app/models/ingredient.rb": [
        1,
        1,
        1,
        null
      ],
      "/Users/frederickchapman/Desktop/brau_meister/app/controllers/recipes_controller.rb": [
        1,
        1,
        7,
        null,
        null,
        1,
        0,
        0,
        null,
        null,
        1,
        3,
        3,
        3,
        null,
        null,
        1,
        2,
        2,
        2,
        2,
        2,
        null,
        0,
        0,
        null,
        null,
        null,
        1,
        1,
        1,
        1,
        null,
        null,
        1,
        null,
        1,
        2,
        null,
        null,
        null,
        null
      ],
      "/Users/frederickchapman/Desktop/brau_meister/app/controllers/lists_controller.rb": [
        1,
        1,
        0,
        null,
        null,
        1,
        9,
        9,
        null,
        null,
        1,
        4,
        7,
        4,
        4,
        4,
        4,
        null,
        0,
        0,
        null,
        null,
        null,
        1,
        1,
        1,
        1,
        1,
        null,
        null,
        1,
        null,
        1,
        4,
        null,
        null,
        null,
        null
      ]
    },
    "timestamp": 1429739441
  }
}
